[debug] [2017-11-26T15:33:28.954Z] ----------------------------------------------------------------------
[debug] [2017-11-26T15:33:29.001Z] Command:       C:\Program Files\nodejs\node.exe C:\Users\Gaurav\AppData\Roaming\npm\node_modules\firebase-tools\bin\firebase deploy
[debug] [2017-11-26T15:33:29.001Z] CLI Version:   3.15.3
[debug] [2017-11-26T15:33:29.001Z] Platform:      win32
[debug] [2017-11-26T15:33:29.001Z] Node Version:  v8.5.0
[debug] [2017-11-26T15:33:29.033Z] Time:          Sun Nov 26 2017 21:03:29 GMT+0530 (India Standard Time)
[debug] [2017-11-26T15:33:29.033Z] ----------------------------------------------------------------------
[debug] 
[debug] [2017-11-26T15:33:29.205Z] > command requires scopes: ["email","openid","https://www.googleapis.com/auth/cloudplatformprojects.readonly","https://www.googleapis.com/auth/firebase","https://www.googleapis.com/auth/cloud-platform"]
[debug] [2017-11-26T15:33:29.205Z] > authorizing via signed-in user
[debug] [2017-11-26T15:33:29.205Z] > refreshing access token with scopes: ["email","https://www.googleapis.com/auth/cloud-platform","https://www.googleapis.com/auth/cloudplatformprojects.readonly","https://www.googleapis.com/auth/firebase","openid"]
[debug] [2017-11-26T15:33:29.205Z] >>> HTTP REQUEST POST https://www.googleapis.com/oauth2/v3/token { refresh_token: '1/xry4Znelaa8WUB77WDybs4xYSyIhpN197_b8FgCorlE',
  client_id: '563584335869-fgrhgmd47bqnekij5i8b5pr03ho849e6.apps.googleusercontent.com',
  client_secret: 'j9iVZfS8kkCEFUPaAeJV0sAi',
  grant_type: 'refresh_token',
  scope: 'email https://www.googleapis.com/auth/cloud-platform https://www.googleapis.com/auth/cloudplatformprojects.readonly https://www.googleapis.com/auth/firebase openid' } 
 Sun Nov 26 2017 21:03:29 GMT+0530 (India Standard Time)
[debug] [2017-11-26T15:33:31.470Z] <<< HTTP RESPONSE 200
[debug] [2017-11-26T15:33:31.517Z] >>> HTTP REQUEST GET https://admin.firebase.com/v1/projects/gauravbarde-4957b  
 Sun Nov 26 2017 21:03:31 GMT+0530 (India Standard Time)
[debug] [2017-11-26T15:33:33.321Z] <<< HTTP RESPONSE 200
[debug] [2017-11-26T15:33:33.321Z] >>> HTTP REQUEST GET https://admin.firebase.com/v1/database/gauravbarde-4957b/tokens  
 Sun Nov 26 2017 21:03:33 GMT+0530 (India Standard Time)
[debug] [2017-11-26T15:33:34.842Z] <<< HTTP RESPONSE 200
[info] 
[info] === Deploying to 'gauravbarde-4957b'...
[info] 
[info] i  deploying hosting
[info] i  hosting: preparing public directory for upload...
[debug] [2017-11-26T15:33:39.814Z] >>> HTTP REQUEST PUT https://deploy.firebase.com/v1/hosting/gauravbarde-4957b/uploads/-Kzsxa4XG2QL3syyMSbO?fileCount=24&message=  
 Sun Nov 26 2017 21:03:39 GMT+0530 (India Standard Time)
